1533017932126	geckodriver	INFO	geckodriver 0.20.1
1533017932261	geckodriver	INFO	Listening on 127.0.0.1:52283
1533017933214	mozrunner::runner	INFO	Running command: "/Applications/Firefox.app/Contents/MacOS/firefox-bin" "-marionette" "-profile" "/var/folders/0v/hh_wn78s1zjb9jgsy6csw3nc3f21bk/T/rust_mozprofile.dndxeQyZnThu"
2018-07-31 11:48:56.287 plugin-container[55217:3129710] *** CFMessagePort: bootstrap_register(): failed 1100 (0x44c) 'Permission denied', port = 0x9b37, name = 'com.apple.tsm.portname'
See /usr/include/servers/bootstrap_defs.h for the error codes.
2018-07-31 11:48:56.820 plugin-container[55219:3129806] *** CFMessagePort: bootstrap_register(): failed 1100 (0x44c) 'Permission denied', port = 0x9937, name = 'com.apple.tsm.portname'
See /usr/include/servers/bootstrap_defs.h for the error codes.
1533017937331	Marionette	INFO	Listening on port 52303
1533017937374	Marionette	WARN	TLS certificate errors will be ignored for this session
2018-07-31 11:48:57.490 plugin-container[55220:3129894] *** CFMessagePort: bootstrap_register(): failed 1100 (0x44c) 'Permission denied', port = 0x9537, name = 'com.apple.tsm.portname'
See /usr/include/servers/bootstrap_defs.h for the error codes.
*** UTM:SVC TimerManager:registerTimer called after profile-before-change notification. Ignoring timer registration for id: telemetry_modules_ping
1533018016630	geckodriver	INFO	geckodriver 0.20.1
1533018016728	geckodriver	INFO	Listening on 127.0.0.1:52807
1533018017676	mozrunner::runner	INFO	Running command: "/Applications/Firefox.app/Contents/MacOS/firefox-bin" "-marionette" "-profile" "/var/folders/0v/hh_wn78s1zjb9jgsy6csw3nc3f21bk/T/rust_mozprofile.tfn687VeniDH"
2018-07-31 11:50:19.379 plugin-container[55340:3131839] *** CFMessagePort: bootstrap_register(): failed 1100 (0x44c) 'Permission denied', port = 0x9c37, name = 'com.apple.tsm.portname'
See /usr/include/servers/bootstrap_defs.h for the error codes.
2018-07-31 11:50:19.617 plugin-container[55341:3131878] *** CFMessagePort: bootstrap_register(): failed 1100 (0x44c) 'Permission denied', port = 0x9937, name = 'com.apple.tsm.portname'
See /usr/include/servers/bootstrap_defs.h for the error codes.
1533018019873	Marionette	INFO	Listening on port 52827
1533018019921	Marionette	WARN	TLS certificate errors will be ignored for this session
2018-07-31 11:50:20.456 plugin-container[55342:3131990] *** CFMessagePort: bootstrap_register(): failed 1100 (0x44c) 'Permission denied', port = 0x9537, name = 'com.apple.tsm.portname'
See /usr/include/servers/bootstrap_defs.h for the error codes.
*** UTM:SVC TimerManager:registerTimer called after profile-before-change notification. Ignoring timer registration for id: telemetry_modules_ping
1533018074651	geckodriver	INFO	geckodriver 0.20.1
1533018074726	geckodriver	INFO	Listening on 127.0.0.1:53144
1533018075707	mozrunner::runner	INFO	Running command: "/Applications/Firefox.app/Contents/MacOS/firefox-bin" "-marionette" "-profile" "/var/folders/0v/hh_wn78s1zjb9jgsy6csw3nc3f21bk/T/rust_mozprofile.TQxJf8FmUudJ"
2018-07-31 11:51:17.269 plugin-container[55494:3132936] *** CFMessagePort: bootstrap_register(): failed 1100 (0x44c) 'Permission denied', port = 0x9b3b, name = 'com.apple.tsm.portname'
See /usr/include/servers/bootstrap_defs.h for the error codes.
2018-07-31 11:51:17.571 plugin-container[55495:3132972] *** CFMessagePort: bootstrap_register(): failed 1100 (0x44c) 'Permission denied', port = 0x980f, name = 'com.apple.tsm.portname'
See /usr/include/servers/bootstrap_defs.h for the error codes.
1533018077897	Marionette	INFO	Listening on port 53164
1533018077934	Marionette	WARN	TLS certificate errors will be ignored for this session
2018-07-31 11:51:18.279 plugin-container[55496:3133084] *** CFMessagePort: bootstrap_register(): failed 1100 (0x44c) 'Permission denied', port = 0x9537, name = 'com.apple.tsm.portname'
See /usr/include/servers/bootstrap_defs.h for the error codes.
*** UTM:SVC TimerManager:registerTimer called after profile-before-change notification. Ignoring timer registration for id: telemetry_modules_ping
1533018164379	geckodriver	INFO	geckodriver 0.20.1
1533018164472	geckodriver	INFO	Listening on 127.0.0.1:53600
1533018165401	mozrunner::runner	INFO	Running command: "/Applications/Firefox.app/Contents/MacOS/firefox-bin" "-marionette" "-profile" "/var/folders/0v/hh_wn78s1zjb9jgsy6csw3nc3f21bk/T/rust_mozprofile.Gb9vph2lhoK5"
2018-07-31 11:52:47.016 plugin-container[55636:3134177] *** CFMessagePort: bootstrap_register(): failed 1100 (0x44c) 'Permission denied', port = 0x9b3b, name = 'com.apple.tsm.portname'
See /usr/include/servers/bootstrap_defs.h for the error codes.
2018-07-31 11:52:47.300 plugin-container[55637:3134215] *** CFMessagePort: bootstrap_register(): failed 1100 (0x44c) 'Permission denied', port = 0x9933, name = 'com.apple.tsm.portname'
See /usr/include/servers/bootstrap_defs.h for the error codes.
1533018167527	Marionette	INFO	Listening on port 53620
1533018167583	Marionette	WARN	TLS certificate errors will be ignored for this session
2018-07-31 11:52:48.040 plugin-container[55638:3134337] *** CFMessagePort: bootstrap_register(): failed 1100 (0x44c) 'Permission denied', port = 0x9537, name = 'com.apple.tsm.portname'
See /usr/include/servers/bootstrap_defs.h for the error codes.
*** UTM:SVC TimerManager:registerTimer called after profile-before-change notification. Ignoring timer registration for id: telemetry_modules_ping
1533021077743	geckodriver	INFO	geckodriver 0.20.1
1533021077845	geckodriver	INFO	Listening on 127.0.0.1:64991
1533021078786	mozrunner::runner	INFO	Running command: "/Applications/Firefox.app/Contents/MacOS/firefox-bin" "-marionette" "-profile" "/var/folders/0v/hh_wn78s1zjb9jgsy6csw3nc3f21bk/T/rust_mozprofile.IPRvRKU5wezj"
2018-07-31 12:41:20.631 plugin-container[60028:3161866] *** CFMessagePort: bootstrap_register(): failed 1100 (0x44c) 'Permission denied', port = 0x9c3b, name = 'com.apple.tsm.portname'
See /usr/include/servers/bootstrap_defs.h for the error codes.
2018-07-31 12:41:21.003 plugin-container[60029:3161903] *** CFMessagePort: bootstrap_register(): failed 1100 (0x44c) 'Permission denied', port = 0x9b37, name = 'com.apple.tsm.portname'
See /usr/include/servers/bootstrap_defs.h for the error codes.
1533021081175	Marionette	INFO	Listening on port 65011
1533021081251	Marionette	WARN	TLS certificate errors will be ignored for this session
2018-07-31 12:41:21.733 plugin-container[60030:3162065] *** CFMessagePort: bootstrap_register(): failed 1100 (0x44c) 'Permission denied', port = 0x9737, name = 'com.apple.tsm.portname'
See /usr/include/servers/bootstrap_defs.h for the error codes.
JavaScript error: https://pdnAccess:greasemonkey@kelloggsfamilyrewards.pdn.retaileriq.com/combo/js/924817871bdc2efa3efba010fcb56365.js, line 73: TypeError: APP_COUPONSINC.contextData.gallery is undefined
*** UTM:SVC TimerManager:registerTimer called after profile-before-change notification. Ignoring timer registration for id: telemetry_modules_ping
1533026598257	geckodriver	INFO	geckodriver 0.20.1
1533026598348	geckodriver	INFO	Listening on 127.0.0.1:53577
1533026599314	mozrunner::runner	INFO	Running command: "/Applications/Firefox.app/Contents/MacOS/firefox-bin" "-marionette" "-profile" "/var/folders/0v/hh_wn78s1zjb9jgsy6csw3nc3f21bk/T/rust_mozprofile.M7Me1fYNAvQV"
2018-07-31 14:13:22.082 plugin-container[68059:3214293] *** CFMessagePort: bootstrap_register(): failed 1100 (0x44c) 'Permission denied', port = 0x9c3f, name = 'com.apple.tsm.portname'
See /usr/include/servers/bootstrap_defs.h for the error codes.
2018-07-31 14:13:22.366 plugin-container[68063:3214361] *** CFMessagePort: bootstrap_register(): failed 1100 (0x44c) 'Permission denied', port = 0x9b37, name = 'com.apple.tsm.portname'
See /usr/include/servers/bootstrap_defs.h for the error codes.
1533026603023	Marionette	INFO	Listening on port 53597
1533026603153	Marionette	WARN	TLS certificate errors will be ignored for this session
2018-07-31 14:13:23.197 plugin-container[68065:3214596] *** CFMessagePort: bootstrap_register(): failed 1100 (0x44c) 'Permission denied', port = 0x9533, name = 'com.apple.tsm.portname'
See /usr/include/servers/bootstrap_defs.h for the error codes.
*** UTM:SVC TimerManager:registerTimer called after profile-before-change notification. Ignoring timer registration for id: telemetry_modules_ping
1533026779635	geckodriver	INFO	geckodriver 0.20.1
1533026779732	geckodriver	INFO	Listening on 127.0.0.1:54469
1533026780661	mozrunner::runner	INFO	Running command: "/Applications/Firefox.app/Contents/MacOS/firefox-bin" "-marionette" "-profile" "/var/folders/0v/hh_wn78s1zjb9jgsy6csw3nc3f21bk/T/rust_mozprofile.NkkeChFaInf6"
2018-07-31 14:16:22.600 plugin-container[68315:3217346] *** CFMessagePort: bootstrap_register(): failed 1100 (0x44c) 'Permission denied', port = 0x9a37, name = 'com.apple.tsm.portname'
See /usr/include/servers/bootstrap_defs.h for the error codes.
2018-07-31 14:16:22.976 plugin-container[68316:3217383] *** CFMessagePort: bootstrap_register(): failed 1100 (0x44c) 'Permission denied', port = 0x9b43, name = 'com.apple.tsm.portname'
See /usr/include/servers/bootstrap_defs.h for the error codes.
2018-07-31 14:16:23.607 plugin-container[68317:3217468] *** CFMessagePort: bootstrap_register(): failed 1100 (0x44c) 'Permission denied', port = 0x9837, name = 'com.apple.tsm.portname'
See /usr/include/servers/bootstrap_defs.h for the error codes.
1533026783640	Marionette	INFO	Listening on port 54489
1533026783674	Marionette	WARN	TLS certificate errors will be ignored for this session
*** UTM:SVC TimerManager:registerTimer called after profile-before-change notification. Ignoring timer registration for id: telemetry_modules_ping
1533026953613	geckodriver	INFO	geckodriver 0.20.1
1533026953723	geckodriver	INFO	Listening on 127.0.0.1:55272
1533026954634	mozrunner::runner	INFO	Running command: "/Applications/Firefox.app/Contents/MacOS/firefox-bin" "-marionette" "-profile" "/var/folders/0v/hh_wn78s1zjb9jgsy6csw3nc3f21bk/T/rust_mozprofile.c5geujGit1AN"
2018-07-31 14:19:16.855 plugin-container[68573:3219437] *** CFMessagePort: bootstrap_register(): failed 1100 (0x44c) 'Permission denied', port = 0x9b37, name = 'com.apple.tsm.portname'
See /usr/include/servers/bootstrap_defs.h for the error codes.
2018-07-31 14:19:17.207 plugin-container[68574:3219477] *** CFMessagePort: bootstrap_register(): failed 1100 (0x44c) 'Permission denied', port = 0x983f, name = 'com.apple.tsm.portname'
See /usr/include/servers/bootstrap_defs.h for the error codes.
1533026957662	Marionette	INFO	Listening on port 55292
2018-07-31 14:19:17.742 plugin-container[68577:3219572] *** CFMessagePort: bootstrap_register(): failed 1100 (0x44c) 'Permission denied', port = 0x9537, name = 'com.apple.tsm.portname'
See /usr/include/servers/bootstrap_defs.h for the error codes.
1533026957776	Marionette	WARN	TLS certificate errors will be ignored for this session
*** UTM:SVC TimerManager:registerTimer called after profile-before-change notification. Ignoring timer registration for id: telemetry_modules_ping
1533027539176	geckodriver	INFO	geckodriver 0.20.1
1533027539270	geckodriver	INFO	Listening on 127.0.0.1:57797
1533027540223	mozrunner::runner	INFO	Running command: "/Applications/Firefox.app/Contents/MacOS/firefox-bin" "-marionette" "-profile" "/var/folders/0v/hh_wn78s1zjb9jgsy6csw3nc3f21bk/T/rust_mozprofile.PkcRkFc1sfQs"
2018-07-31 14:29:02.124 plugin-container[69433:3226505] *** CFMessagePort: bootstrap_register(): failed 1100 (0x44c) 'Permission denied', port = 0x9b43, name = 'com.apple.tsm.portname'
See /usr/include/servers/bootstrap_defs.h for the error codes.
2018-07-31 14:29:02.379 plugin-container[69434:3226660] *** CFMessagePort: bootstrap_register(): failed 1100 (0x44c) 'Permission denied', port = 0x9933, name = 'com.apple.tsm.portname'
See /usr/include/servers/bootstrap_defs.h for the error codes.
1533027542790	Marionette	INFO	Listening on port 57817
1533027542873	Marionette	WARN	TLS certificate errors will be ignored for this session
2018-07-31 14:29:03.203 plugin-container[69435:3226778] *** CFMessagePort: bootstrap_register(): failed 1100 (0x44c) 'Permission denied', port = 0x9537, name = 'com.apple.tsm.portname'
See /usr/include/servers/bootstrap_defs.h for the error codes.
*** UTM:SVC TimerManager:registerTimer called after profile-before-change notification. Ignoring timer registration for id: telemetry_modules_ping
1533027925819	geckodriver	INFO	geckodriver 0.20.1
1533027925911	geckodriver	INFO	Listening on 127.0.0.1:59363
1533027926850	mozrunner::runner	INFO	Running command: "/Applications/Firefox.app/Contents/MacOS/firefox-bin" "-marionette" "-profile" "/var/folders/0v/hh_wn78s1zjb9jgsy6csw3nc3f21bk/T/rust_mozprofile.ZtYFLk8sbI8x"
2018-07-31 14:35:29.025 plugin-container[69997:3230351] *** CFMessagePort: bootstrap_register(): failed 1100 (0x44c) 'Permission denied', port = 0x973f, name = 'com.apple.tsm.portname'
See /usr/include/servers/bootstrap_defs.h for the error codes.
2018-07-31 14:35:29.369 plugin-container[69998:3230394] *** CFMessagePort: bootstrap_register(): failed 1100 (0x44c) 'Permission denied', port = 0x9a37, name = 'com.apple.tsm.portname'
See /usr/include/servers/bootstrap_defs.h for the error codes.
1533027929885	Marionette	INFO	Listening on port 59383
1533027929971	Marionette	WARN	TLS certificate errors will be ignored for this session
2018-07-31 14:35:30.142 plugin-container[70005:3230540] *** CFMessagePort: bootstrap_register(): failed 1100 (0x44c) 'Permission denied', port = 0x9537, name = 'com.apple.tsm.portname'
See /usr/include/servers/bootstrap_defs.h for the error codes.
*** UTM:SVC TimerManager:registerTimer called after profile-before-change notification. Ignoring timer registration for id: telemetry_modules_ping
1533027966643	geckodriver	INFO	geckodriver 0.20.1
1533027966721	geckodriver	INFO	Listening on 127.0.0.1:59631
1533027967698	mozrunner::runner	INFO	Running command: "/Applications/Firefox.app/Contents/MacOS/firefox-bin" "-marionette" "-profile" "/var/folders/0v/hh_wn78s1zjb9jgsy6csw3nc3f21bk/T/rust_mozprofile.nznFQWi4J1uA"
2018-07-31 14:36:09.108 plugin-container[70062:3231175] *** CFMessagePort: bootstrap_register(): failed 1100 (0x44c) 'Permission denied', port = 0x9c37, name = 'com.apple.tsm.portname'
See /usr/include/servers/bootstrap_defs.h for the error codes.
2018-07-31 14:36:09.355 plugin-container[70063:3231214] *** CFMessagePort: bootstrap_register(): failed 1100 (0x44c) 'Permission denied', port = 0x9b37, name = 'com.apple.tsm.portname'
See /usr/include/servers/bootstrap_defs.h for the error codes.
1533027969542	Marionette	INFO	Listening on port 59651
1533027969616	Marionette	WARN	TLS certificate errors will be ignored for this session
2018-07-31 14:36:10.038 plugin-container[70068:3231343] *** CFMessagePort: bootstrap_register(): failed 1100 (0x44c) 'Permission denied', port = 0x9537, name = 'com.apple.tsm.portname'
See /usr/include/servers/bootstrap_defs.h for the error codes.
*** UTM:SVC TimerManager:registerTimer called after profile-before-change notification. Ignoring timer registration for id: telemetry_modules_ping
1533028050276	geckodriver	INFO	geckodriver 0.20.1
1533028050366	geckodriver	INFO	Listening on 127.0.0.1:60028
1533028051302	mozrunner::runner	INFO	Running command: "/Applications/Firefox.app/Contents/MacOS/firefox-bin" "-marionette" "-profile" "/var/folders/0v/hh_wn78s1zjb9jgsy6csw3nc3f21bk/T/rust_mozprofile.VCahxZsIG8xR"
2018-07-31 14:37:33.093 plugin-container[70172:3232388] *** CFMessagePort: bootstrap_register(): failed 1100 (0x44c) 'Permission denied', port = 0x9a3f, name = 'com.apple.tsm.portname'
See /usr/include/servers/bootstrap_defs.h for the error codes.
2018-07-31 14:37:33.439 plugin-container[70173:3232423] *** CFMessagePort: bootstrap_register(): failed 1100 (0x44c) 'Permission denied', port = 0x9933, name = 'com.apple.tsm.portname'
See /usr/include/servers/bootstrap_defs.h for the error codes.
1533028053719	Marionette	INFO	Listening on port 60048
1533028053783	Marionette	WARN	TLS certificate errors will be ignored for this session
2018-07-31 14:37:34.239 plugin-container[70174:3232532] *** CFMessagePort: bootstrap_register(): failed 1100 (0x44c) 'Permission denied', port = 0x9837, name = 'com.apple.tsm.portname'
See /usr/include/servers/bootstrap_defs.h for the error codes.
*** UTM:SVC TimerManager:registerTimer called after profile-before-change notification. Ignoring timer registration for id: telemetry_modules_ping
1533032110178	geckodriver	INFO	geckodriver 0.20.1
1533032110296	geckodriver	INFO	Listening on 127.0.0.1:59749
1533032111187	mozrunner::runner	INFO	Running command: "/Applications/Firefox.app/Contents/MacOS/firefox-bin" "-marionette" "-profile" "/var/folders/0v/hh_wn78s1zjb9jgsy6csw3nc3f21bk/T/rust_mozprofile.3P7xJL60GBnQ"
2018-07-31 15:45:13.259 plugin-container[76020:3274587] *** CFMessagePort: bootstrap_register(): failed 1100 (0x44c) 'Permission denied', port = 0x973b, name = 'com.apple.tsm.portname'
See /usr/include/servers/bootstrap_defs.h for the error codes.
2018-07-31 15:45:13.763 plugin-container[76021:3274651] *** CFMessagePort: bootstrap_register(): failed 1100 (0x44c) 'Permission denied', port = 0x9937, name = 'com.apple.tsm.portname'
See /usr/include/servers/bootstrap_defs.h for the error codes.
1533032114134	Marionette	INFO	Listening on port 59769
1533032114245	Marionette	WARN	TLS certificate errors will be ignored for this session
2018-07-31 15:45:14.629 plugin-container[76022:3274792] *** CFMessagePort: bootstrap_register(): failed 1100 (0x44c) 'Permission denied', port = 0x9637, name = 'com.apple.tsm.portname'
See /usr/include/servers/bootstrap_defs.h for the error codes.
*** UTM:SVC TimerManager:registerTimer called after profile-before-change notification. Ignoring timer registration for id: telemetry_modules_ping
1533100490566	geckodriver	INFO	geckodriver 0.20.1
1533100490663	geckodriver	INFO	Listening on 127.0.0.1:58141
1533100491612	mozrunner::runner	INFO	Running command: "/Applications/Firefox.app/Contents/MacOS/firefox-bin" "-marionette" "-profile" "/var/folders/0v/hh_wn78s1zjb9jgsy6csw3nc3f21bk/T/rust_mozprofile.oyxty4I46OHe"
2018-08-01 10:44:53.742 plugin-container[14696:3614717] *** CFMessagePort: bootstrap_register(): failed 1100 (0x44c) 'Permission denied', port = 0x9937, name = 'com.apple.tsm.portname'
See /usr/include/servers/bootstrap_defs.h for the error codes.
2018-08-01 10:44:54.109 plugin-container[14697:3614775] *** CFMessagePort: bootstrap_register(): failed 1100 (0x44c) 'Permission denied', port = 0x9a33, name = 'com.apple.tsm.portname'
See /usr/include/servers/bootstrap_defs.h for the error codes.
1533100494668	Marionette	INFO	Listening on port 58157
1533100494724	Marionette	WARN	TLS certificate errors will be ignored for this session
2018-08-01 10:44:54.870 plugin-container[14698:3614883] *** CFMessagePort: bootstrap_register(): failed 1100 (0x44c) 'Permission denied', port = 0x9637, name = 'com.apple.tsm.portname'
See /usr/include/servers/bootstrap_defs.h for the error codes.
*** UTM:SVC TimerManager:registerTimer called after profile-before-change notification. Ignoring timer registration for id: telemetry_modules_ping
